2021-06-21 16:46:36,774 Pristup koji ne koristi stratifikovanu podelu
2021-06-21 16:46:36,774 User-based
2021-06-21 16:46:36,775 Errors (user-based):
2021-06-21 16:57:15,687 Pristup koji ne koristi stratifikovanu podelu
2021-06-21 16:57:15,688 User-based
2021-06-21 16:57:15,688 Errors (user-based):
2021-06-21 17:02:25,124 Loaded backend module://matplotlib_inline.backend_inline version unknown.
2021-06-21 17:52:35,793 Pristup koji ne koristi stratifikovanu podelu
2021-06-21 17:52:35,793 User-based
2021-06-21 17:52:35,793 Errors (user-based):
2021-06-21 17:52:35,793 [1.33199861 1.29866409 1.14740107 1.10839169 1.01877396 1.01083249
 0.97066669 0.9127746  0.88827234]
2021-06-21 17:52:35,794 User-based best k:
2021-06-21 17:52:35,795 25
2021-06-21 17:52:35,795 ------------------------------------
2021-06-21 17:52:35,796 Item-based
2021-06-21 17:52:35,796 Errors (user-based):
2021-06-21 17:52:35,796 [3.91590204 3.61597184 3.53163048 3.42937152 3.27947667 3.2276758
 3.11938024 3.10034195 3.10004384]
2021-06-21 17:52:35,797 User-based best k:
2021-06-21 17:52:35,797 25
2021-06-21 17:52:35,797 ------------------------------------
2021-06-21 17:52:35,797 Pristup koji koristi stratifikovanu podelu
2021-06-21 17:52:35,798 User-based
2021-06-21 17:52:35,798 Errors (user-based):
2021-06-21 17:52:35,798 [1.34964408 1.28569639 1.23768182 1.18965339 1.17731603 1.16095096
 1.1522651  1.1271156  1.12001225]
2021-06-21 17:52:35,798 User-based best k:
2021-06-21 17:52:35,798 25
2021-06-21 17:52:35,799 ------------------------------------
2021-06-21 17:52:35,799 Item-based
2021-06-21 17:52:35,799 Errors (user-based):
2021-06-21 17:52:35,799 [3.5382525  3.40524865 3.36030805 3.31992612 3.21895688 3.21336469
 3.24109548 3.21503056 3.19522352]
2021-06-21 17:52:35,799 User-based best k:
2021-06-21 17:52:35,799 25
